
14:33:33.636 [info] Loading 57 CA(s) from :otp store

14:33:37.872 id=0 [debug] handled request client -> server initialize in 3305ms

14:33:37.998 [debug] sent notification server -> client window/logMessage

14:33:38.153 [debug] NextLS v0.22.6 has initialized!

14:33:38.153 [debug] sent notification server -> client window/logMessage

14:33:38.155 [debug] Log file located at c:/Users/Laith/Desktop/chatApp/chatapp/.elixir-tools/next-ls.log

14:33:38.193 id=98 [debug] sent request server -> client client/registerCapability

14:33:38.193 [debug] sent notification server -> client window/logMessage

14:33:38.193 [info] [extension] Credo initializing with options %NextLS.InitOpts.Extensions.Credo{enable: true, cli_options: []}

14:33:41.249 [debug] sent notification server -> client window/showMessage

14:33:41.306 [debug] sent notification server -> client window/logMessage

14:33:41.306 [info] Downloaded 0.22.8 of Next LS

14:33:55.203 [debug] sent notification server -> client window/logMessage

14:33:55.203 [debug] Booting runtimes...

14:33:55.349 id=130 [debug] sent request server -> client window/workDoneProgress/create

14:33:55.516 [debug] sent notification server -> client $/progress

14:33:55.854 [debug] sent notification server -> client window/logMessage

14:33:55.854 [info] Beginning DB migration...

14:33:55.996 [debug] sent notification server -> client window/logMessage

14:33:55.996 [info] Database is being upgraded from version 0 to 7.

This will trigger a full recompilation in order to re-index your codebase.


14:33:56.006 [debug] sent notification server -> client window/logMessage

14:33:56.006 [info] Finished DB migration...

14:33:56.101 [debug] sent notification server -> client window/logMessage

14:33:56.101 [error] LSP Exited.

Last message received: handle_notification %{"jsonrpc" => "2.0", "method" => "initialized", "params" => %{}}

** (MatchError) no match of right hand side value: {:error, {:shutdown, {:failed_to_start_child, NextLS.Runtime, {:badarg, [{NextLS.Runtime, :init, 1, [file: ~c"lib/next_ls/runtime.ex", line: 134, error_info: %{cause: {1, :binary, :type, nil}, function: :format_bs_fail, module: :erl_erts_errors}]}, {:gen_server, :init_it, 2, [file: ~c"gen_server.erl", line: 980]}, {:gen_server, :init_it, 6, [file: ~c"gen_server.erl", line: 935]}, {:proc_lib, :init_p_do_apply, 3, [file: ~c"proc_lib.erl", line: 241]}]}}}}
    (next_ls 0.22.6) lib/next_ls.ex:924: anonymous fn/5 in NextLS.handle_notification/2
    (elixir 1.17.0-dev) lib/enum.ex:2531: Enum."-reduce/3-lists^foldl/2-0-"/3
    (next_ls 0.22.6) lib/next_ls.ex:919: NextLS.handle_notification/2
    (gen_lsp 0.9.0) lib/gen_lsp.ex:442: anonymous fn/2 in GenLSP.loop/3
    (telemetry 1.2.1) /Users/runner/work/next-ls/next-ls/deps/telemetry/src/telemetry.erl:321: :telemetry.span/3
    (gen_lsp 0.9.0) lib/gen_lsp.ex:441: anonymous fn/6 in GenLSP.loop/3
    (gen_lsp 0.9.0) lib/gen_lsp.ex:511: GenLSP.attempt/4
    (stdlib 5.2) proc_lib.erl:241: :proc_lib.init_p_do_apply/3




14:33:56.104 [debug] sent notification server -> client window/logMessage

14:33:56.104 [error] LSP Exited.

Last message received: handle_request %{"id" => 0, "jsonrpc" => "2.0", "method" => "initialize", "params" => %{"capabilities" => %{"general" => %{"markdown" => %{"parser" => "marked", "version" => "1.1.0"}, "positionEncodings" => ["utf-16"], "regularExpressions" => %{"engine" => "ECMAScript", "version" => "ES2020"}, "staleRequestSupport" => %{"cancel" => true, "retryOnContentModified" => ["textDocument/semanticTokens/full", "textDocument/semanticTokens/range", "textDocument/semanticTokens/full/delta"]}}, "notebookDocument" => %{"synchronization" => %{"dynamicRegistration" => true, "executionSummarySupport" => true}}, "textDocument" => %{"callHierarchy" => %{"dynamicRegistration" => true}, "codeAction" => %{"codeActionLiteralSupport" => %{"codeActionKind" => %{"valueSet" => ["", "quickfix", "refactor", "refactor.extract", "refactor.inline", "refactor.rewrite", "source", "source.organizeImports"]}}, "dataSupport" => true, "disabledSupport" => true, "dynamicRegistration" => true, "honorsChangeAnnotations" => true, "isPreferredSupport" => true, "resolveSupport" => %{"properties" => ["edit"]}}, "codeLens" => %{"dynamicRegistration" => true}, "colorProvider" => %{"dynamicRegistration" => true}, "completion" => %{"completionItem" => %{"commitCharactersSupport" => true, "deprecatedSupport" => true, "documentationFormat" => ["markdown", "plaintext"], "insertReplaceSupport" => true, "insertTextModeSupport" => %{"valueSet" => [1, 2]}, "labelDetailsSupport" => true, "preselectSupport" => true, "resolveSupport" => %{"properties" => ["documentation", "detail", "additionalTextEdits"]}, "snippetSupport" => true, "tagSupport" => %{"valueSet" => [1]}}, "completionItemKind" => %{"valueSet" => [1, 2, 3, 4, 5, 6, 7, 8, 9, 10, 11, 12, 13, 14, 15, 16, 17, 18, 19, 20, 21, 22, 23, 24, 25]}, "completionList" => %{"itemDefaults" => ["commitCharacters", "editRange", "insertTextFormat", "insertTextMode", "data"]}, "contextSupport" => true, "dynamicRegistration" => true, "insertTextMode" => 2}, "declaration" => %{"dynamicRegistration" => true, "linkSupport" => true}, "definition" => %{"dynamicRegistration" => true, "linkSupport" => true}, "diagnostic" => %{"dynamicRegistration" => true, "relatedDocumentSupport" => false}, "documentHighlight" => %{"dynamicRegistration" => true}, "documentLink" => %{"dynamicRegistration" => true, "tooltipSupport" => true}, "documentSymbol" => %{"dynamicRegistration" => true, "hierarchicalDocumentSymbolSupport" => true, "labelSupport" => true, "symbolKind" => %{"valueSet" => [1, 2, 3, 4, 5, 6, 7, 8, 9, 10, 11, 12, 13, 14, 15, 16, 17, 18, 19, 20, 21, 22, 23, 24, 25, 26]}, "tagSupport" => %{"valueSet" => [1]}}, "foldingRange" => %{"dynamicRegistration" => true, "foldingRange" => %{"collapsedText" => false}, "foldingRangeKind" => %{"valueSet" => ["comment", "imports", "region"]}, "lineFoldingOnly" => true, "rangeLimit" => 5000}, "formatting" => %{"dynamicRegistration" => true}, "hover" => %{"contentFormat" => ["markdown", "plaintext"], "dynamicRegistration" => true}, "implementation" => %{"dynamicRegistration" => true, "linkSupport" => true}, "inlayHint" => %{"dynamicRegistration" => true, "resolveSupport" => %{"properties" => ["tooltip", "textEdits", "label.tooltip", "label.location", "label.command"]}}, "inlineValue" => %{"dynamicRegistration" => true}, "linkedEditingRange" => %{"dynamicRegistration" => true}, "onTypeFormatting" => %{"dynamicRegistration" => true}, "publishDiagnostics" => %{"codeDescriptionSupport" => true, "dataSupport" => true, "relatedInformation" => true, "tagSupport" => %{"valueSet" => [1, 2]}, "versionSupport" => false}, "rangeFormatting" => %{"dynamicRegistration" => true, "rangesSupport" => true}, "references" => %{"dynamicRegistration" => true}, "rename" => %{"dynamicRegistration" => true, "honorsChangeAnnotations" => true, "prepareSupport" => true, "prepareSupportDefaultBehavior" => 1}, "selectionRange" => %{"dynamicRegistration" => true}, "semanticTokens" => %{"augmentsSyntaxTokens" => true, "dynamicRegistration" => true, "formats" => ["relative"], "multilineTokenSupport" => false, "overlappingTokenSupport" => false, "requests" => %{"full" => %{"delta" => true}, "range" => true}, "serverCancelSupport" => true, "tokenModifiers" => ["declaration", "definition", "readonly", "static", "deprecated", "abstract", "async", "modification", "documentation", ...], "tokenTypes" => ["namespace", "type", "class", "enum", "interface", "struct", "typeParameter", "parameter", ...]}, "signatureHelp" => %{"contextSupport" => true, "dynamicRegistration" => true, "signatureInformation" => %{"activeParameterSupport" => true, "documentationFormat" => ["markdown", "plaintext"], "parameterInformation" => %{"labelOffsetSupport" => true}}}, "synchronization" => %{"didSave" => true, "dynamicRegistration" => true, "willSave" => true, "willSaveWaitUntil" => true}, "typeDefinition" => %{"dynamicRegistration" => true, "linkSupport" => true}, "typeHierarchy" => %{"dynamicRegistration" => true}}, "window" => %{"showDocument" => %{"support" => true}, "showMessage" => %{"messageActionItem" => %{"additionalPropertiesSupport" => true}}, "workDoneProgress" => true}, "workspace" => %{"applyEdit" => true, "codeLens" => %{"refreshSupport" => true}, "configuration" => true, "diagnostics" => %{"refreshSupport" => true}, "didChangeConfiguration" => %{"dynamicRegistration" => true}, "didChangeWatchedFiles" => %{"dynamicRegistration" => true, "relativePatternSupport" => true}, "executeCommand" => %{"dynamicRegistration" => true}, "fileOperations" => %{"didCreate" => true, "didDelete" => true, "didRename" => true, "dynamicRegistration" => true, "willCreate" => true, "willDelete" => true, "willRename" => true}, "foldingRange" => %{"refreshSupport" => true}, "inlayHint" => %{"refreshSupport" => true}, "inlineValue" => %{"refreshSupport" => true}, "semanticTokens" => %{"refreshSupport" => true}, "symbol" => %{"dynamicRegistration" => true, "resolveSupport" => %{"properties" => ["location.range"]}, "symbolKind" => %{"valueSet" => [1, 2, 3, 4, 5, 6, 7, 8, 9, 10, 11, 12, 13, 14, 15, 16, 17, 18, 19, 20, 21, 22, 23, ...]}, "tagSupport" => %{"valueSet" => [1]}}, "workspaceEdit" => %{"changeAnnotationSupport" => %{"groupsOnLabel" => true}, "documentChanges" => true, "failureHandling" => "textOnlyTransactional", "normalizesLineEndings" => true, "resourceOperations" => ["create", "rename", "delete"]}, "workspaceFolders" => true}}, "clientInfo" => %{"name" => "Visual Studio Code", "version" => "1.89.1"}, "initializationOptions" => %{"experimental" => %{"completions" => %{"enable" => false}}, "extensions" => %{"credo" => %{"cli_options" => [], "enable" => true}}, "mix_env" => "dev", "mix_target" => "host"}, "locale" => "en", "processId" => 19200, "rootPath" => "c:\\Users\\Laith\\Desktop\\chatApp\\chatapp", "rootUri" => "file:///c%3A/Users/Laith/Desktop/chatApp/chatapp", "trace" => "off", "workspaceFolders" => [%{"name" => "chatapp", "uri" => "file:///c%3A/Users/Laith/Desktop/chatApp/chatapp"}]}}

** (MatchError) no match of right hand side value: {:error, {:shutdown, {:failed_to_start_child, NextLS.Runtime, {:badarg, [{NextLS.Runtime, :init, 1, [file: ~c"lib/next_ls/runtime.ex", line: 134, error_info: %{cause: {1, :binary, :type, nil}, function: :format_bs_fail, module: :erl_erts_errors}]}, {:gen_server, :init_it, 2, [file: ~c"gen_server.erl", line: 980]}, {:gen_server, :init_it, 6, [file: ~c"gen_server.erl", line: 935]}, {:proc_lib, :init_p_do_apply, 3, [file: ~c"proc_lib.erl", line: 241]}]}}}}
    (next_ls 0.22.6) lib/next_ls.ex:924: anonymous fn/5 in NextLS.handle_notification/2
    (elixir 1.17.0-dev) lib/enum.ex:2531: Enum."-reduce/3-lists^foldl/2-0-"/3
    (next_ls 0.22.6) lib/next_ls.ex:919: NextLS.handle_notification/2
    (gen_lsp 0.9.0) lib/gen_lsp.ex:442: anonymous fn/2 in GenLSP.loop/3
    (telemetry 1.2.1) /Users/runner/work/next-ls/next-ls/deps/telemetry/src/telemetry.erl:321: :telemetry.span/3
    (gen_lsp 0.9.0) lib/gen_lsp.ex:441: anonymous fn/6 in GenLSP.loop/3
    (gen_lsp 0.9.0) lib/gen_lsp.ex:511: GenLSP.attempt/4
    (stdlib 5.2) proc_lib.er (truncated)

14:39:00.579 [error] GenServer NextLS.Buffer terminating
** (Jason.DecodeError) unexpected byte at position 0: 0x43 ("C")
    (jason 1.4.1) lib/jason.ex:92: Jason.decode!/2
    (gen_lsp 0.9.0) lib/gen_lsp/buffer.ex:87: anonymous fn/3 in GenLSP.Buffer.handle_cast/2
    (telemetry 1.2.1) /Users/runner/work/next-ls/next-ls/deps/telemetry/src/telemetry.erl:321: :telemetry.span/3
    (gen_lsp 0.9.0) lib/gen_lsp/buffer.ex:85: GenLSP.Buffer.handle_cast/2
    (stdlib 5.2) gen_server.erl:1121: :gen_server.try_handle_cast/3
    (stdlib 5.2) gen_server.erl:1183: :gen_server.handle_msg/6
    (stdlib 5.2) proc_lib.erl:241: :proc_lib.init_p_do_apply/3
Last message: {:"$gen_cast", {:incoming, "Content-Length: 64\r\n\r\n{\"jsonrpc\":\"2.0\",\"method\":\"$/cancelRequest\",\"params\":{\"id\":280}}Content-Length: 767\r\n\r\n{\"jsonrpc\":\"2.0\",\"id\":281,\"method\":\"textDocument/codeAction\",\"params\":{\"tex"}}
State: %{lsp: #PID<0.276.0>, awaiting_response: %{}, comm_data: nil, comm: GenLSP.Communication.Stdio}

21:06:17.145 [info] Loading 57 CA(s) from :otp store

16:45:07.964 [info] Loading 57 CA(s) from :otp store
